
/home/runner/work/exp-liquid-plastic-limit-nitk/exp-liquid-plastic-limit-nitk/experiment/simulation/liquid/js/ej.web.all.js
  10:627614  error  Parsing error: Invalid number

/home/runner/work/exp-liquid-plastic-limit-nitk/exp-liquid-plastic-limit-nitk/experiment/simulation/liquid/js/jquerymin.js
  2:71     warning  'module' is not defined                                                    no-undef
  2:86     warning  'module' is not defined                                                    no-undef
  2:863    warning  'b' is assigned a value but never used                                     no-unused-vars
  2:3050   warning  'r' is assigned a value but never used                                     no-unused-vars
  2:5376   warning  Unexpected control character(s) in regular expression: \x1f, \x1f          no-control-regex
  2:5847   warning  Expected a conditional expression and instead saw an assignment            no-cond-assign
  2:6101   warning  Expected a conditional expression and instead saw an assignment            no-cond-assign
  2:6532   warning  Expected a conditional expression and instead saw an assignment            no-cond-assign
  2:6758   warning  Empty block statement                                                      no-empty
  2:7320   warning  Expected a conditional expression and instead saw an assignment            no-cond-assign
  2:9378   warning  Expected a conditional expression and instead saw an assignment            no-cond-assign
  2:9688   warning  Expected a conditional expression and instead saw an assignment            no-cond-assign
  2:11489  warning  Expected a conditional expression and instead saw an assignment            no-cond-assign
  2:12064  warning  Expected a conditional expression and instead saw an assignment            no-cond-assign
  2:12102  warning  Expected a conditional expression and instead saw an assignment            no-cond-assign
  2:12520  warning  Empty block statement                                                      no-empty
  2:13134  warning  Expected a conditional expression and instead saw an assignment            no-cond-assign
  2:13446  warning  Expected a conditional expression and instead saw an assignment            no-cond-assign
  2:15271  warning  Expected a conditional expression and instead saw an assignment            no-cond-assign
  2:15542  warning  Expected a conditional expression and instead saw an assignment            no-cond-assign
  2:15740  warning  Expected a conditional expression and instead saw an assignment            no-cond-assign
  2:16114  warning  Do not access Object.prototype method 'hasOwnProperty' from target object  no-prototype-builtins
  2:16815  warning  Expected a conditional expression and instead saw an assignment            no-cond-assign
  2:19155  warning  Expected a conditional expression and instead saw an assignment            no-cond-assign
  2:19255  warning  Expected a conditional expression and instead saw an assignment            no-cond-assign
  2:19315  warning  Expected a conditional expression and instead saw an assignment            no-cond-assign
  2:20674  warning  Expected a conditional expression and instead saw an assignment            no-cond-assign
  2:21288  warning  Expected a conditional expression and instead saw an assignment            no-cond-assign
  2:21399  warning  Expected a conditional expression and instead saw an assignment            no-cond-assign
  2:23719  warning  Unnecessary escape character: \/                                           no-useless-escape
  2:33344  warning  Empty block statement                                                      no-empty
  2:37050  warning  Unnecessary escape character: \/                                           no-useless-escape
  2:38265  warning  Expected a conditional expression and instead saw an assignment            no-cond-assign
  2:38405  warning  Expected a conditional expression and instead saw an assignment            no-cond-assign
  2:39039  warning  Empty block statement                                                      no-empty
  2:45778  warning  Unnecessary escape character: \/                                           no-useless-escape
  2:48087  warning  Expected a conditional expression and instead saw an assignment            no-cond-assign
  2:49647  warning  Empty block statement                                                      no-empty
  2:57298  warning  Expected a conditional expression and instead saw an assignment            no-cond-assign
  2:59847  warning  Expected a conditional expression and instead saw an assignment            no-cond-assign
  2:64132  warning  Expected a conditional expression and instead saw an assignment            no-cond-assign
  2:65877  warning  Expected a conditional expression and instead saw an assignment            no-cond-assign
  2:65943  warning  Expected a conditional expression and instead saw an assignment            no-cond-assign
  2:66247  warning  Expected a conditional expression and instead saw an assignment            no-cond-assign
  2:66313  warning  Expected a conditional expression and instead saw an assignment            no-cond-assign
  2:66720  warning  Expected a conditional expression and instead saw an assignment            no-cond-assign
  2:66997  warning  Expected a conditional expression and instead saw an assignment            no-cond-assign
  2:72432  warning  Expected a conditional expression and instead saw an assignment            no-cond-assign
  2:74924  warning  Expected a conditional expression and instead saw an assignment            no-cond-assign
  2:75645  warning  'l.href' is assigned to itself                                             no-self-assign
  2:79204  warning  Empty block statement                                                      no-empty
  2:83243  warning  Expected a conditional expression and instead saw an assignment            no-cond-assign
  2:83243  warning  'l' is assigned a value but never used                                     no-unused-vars
  2:86651  warning  'define' is not defined                                                    no-undef
  2:86663  warning  'define' is not defined                                                    no-undef

/home/runner/work/exp-liquid-plastic-limit-nitk/exp-liquid-plastic-limit-nitk/experiment/simulation/liquid/js/liquid.js
     7:3   warning  Mixed spaces and tabs                        no-mixed-spaces-and-tabs
     8:3   warning  Mixed spaces and tabs                        no-mixed-spaces-and-tabs
     9:3   warning  Mixed spaces and tabs                        no-mixed-spaces-and-tabs
    10:3   warning  Mixed spaces and tabs                        no-mixed-spaces-and-tabs
    12:5   warning  'repeat' is assigned a value but never used  no-unused-vars
    13:5   warning  'count' is assigned a value but never used   no-unused-vars
    19:1   warning  '$' is not defined                           no-undef
    21:2   warning  '$' is not defined                           no-undef
    27:3   warning  Mixed spaces and tabs                        no-mixed-spaces-and-tabs
    28:3   warning  Mixed spaces and tabs                        no-mixed-spaces-and-tabs
    29:3   warning  Mixed spaces and tabs                        no-mixed-spaces-and-tabs
    30:3   warning  Mixed spaces and tabs                        no-mixed-spaces-and-tabs
    31:3   warning  Mixed spaces and tabs                        no-mixed-spaces-and-tabs
    33:3   warning  Mixed spaces and tabs                        no-mixed-spaces-and-tabs
    34:3   warning  Mixed spaces and tabs                        no-mixed-spaces-and-tabs
    35:3   warning  Mixed spaces and tabs                        no-mixed-spaces-and-tabs
    36:3   warning  Mixed spaces and tabs                        no-mixed-spaces-and-tabs
    40:1   warning  Mixed spaces and tabs                        no-mixed-spaces-and-tabs
    40:3   warning  '$' is not defined                           no-undef
    44:2   warning  'el' is not defined                          no-undef
    45:2   warning  'el' is not defined                          no-undef
    46:2   warning  'el' is not defined                          no-undef
    47:2   warning  'answer' is not defined                      no-undef
    47:21  warning  'el' is not defined                          no-undef
    49:6   warning  'j' is not defined                           no-undef
    49:10  warning  'j' is not defined                           no-undef
    49:32  warning  'j' is not defined                           no-undef
    51:3   warning  'opt' is not defined                         no-undef
    51:22  warning  'j' is not defined                           no-undef
    53:3   warning  'el' is not defined                          no-undef
    54:3   warning  'el' is not defined                          no-undef
    54:20  warning  'opt' is not defined                         no-undef
    55:3   warning  'el' is not defined                          no-undef
    55:14  warning  'opt' is not defined                         no-undef
    56:3   warning  'answer' is not defined                      no-undef
    56:22  warning  'el' is not defined                          no-undef
    57:3   warning  '$' is not defined                           no-undef
    59:4   warning  'ca' is not defined                          no-undef
    59:7   warning  '$' is not defined                           no-undef
    60:26  warning  'ca' is not defined                          no-undef
    80:9   warning  'table' is assigned a value but never used   no-unused-vars
    83:4   warning  '$' is not defined                           no-undef
    85:13  warning  '$' is not defined                           no-undef
    92:10  warning  'navNext' is defined but never used          no-unused-vars
    94:6   warning  'temp' is not defined                        no-undef
    94:13  warning  'temp' is not defined                        no-undef
    94:22  warning  'temp' is not defined                        no-undef
    96:36  warning  'temp' is not defined                        no-undef
    98:2   warning  'simsubscreennum' is not defined             no-undef
    99:35  warning  'simsubscreennum' is not defined             no-undef
   114:20  warning  'myInt' is not defined                       no-undef
   120:2   warning  'myInt' is not defined                       no-undef
   129:5   warning  'simsubscreennum' is not defined             no-undef
   133:2   warning  Mixed spaces and tabs                        no-mixed-spaces-and-tabs
   134:2   warning  Mixed spaces and tabs                        no-mixed-spaces-and-tabs
   135:2   warning  Mixed spaces and tabs                        no-mixed-spaces-and-tabs
   136:2   warning  Mixed spaces and tabs                        no-mixed-spaces-and-tabs
   137:2   warning  Mixed spaces and tabs                        no-mixed-spaces-and-tabs
   138:2   warning  Mixed spaces and tabs                        no-mixed-spaces-and-tabs
   139:2   warning  Mixed spaces and tabs                        no-mixed-spaces-and-tabs
   140:2   warning  Mixed spaces and tabs                        no-mixed-spaces-and-tabs
   202:10  warning  'simsubscreennum' is not defined             no-undef
   265:10  warning  'simsubscreennum' is not defined             no-undef
   272:11  warning  'i' is already defined                       no-redeclare
   338:10  warning  'simsubscreennum' is not defined             no-undef
   341:11  warning  'i' is already defined                       no-redeclare
   448:4   warning  Mixed spaces and tabs                        no-mixed-spaces-and-tabs
   453:10  warning  'simsubscreennum' is not defined             no-undef
   522:10  warning  'simsubscreennum' is not defined             no-undef
   569:10  warning  'simsubscreennum' is not defined             no-undef
   594:10  warning  'simsubscreennum' is not defined             no-undef
   626:10  warning  'simsubscreennum' is not defined             no-undef
   669:10  warning  'simsubscreennum' is not defined             no-undef
   757:10  warning  'simsubscreennum' is not defined             no-undef
   774:4   warning  '$' is not defined                           no-undef
   795:8   warning  '$' is not defined                           no-undef
   816:12  warning  '$' is not defined                           no-undef
   819:13  warning  '$' is not defined                           no-undef
   837:10  warning  'simsubscreennum' is not defined             no-undef
   886:10  warning  'simsubscreennum' is not defined             no-undef
   923:10  warning  'simsubscreennum' is not defined             no-undef
   926:3   warning  '$' is not defined                           no-undef
   932:10  warning  'simsubscreennum' is not defined             no-undef
   935:3   warning  '$' is not defined                           no-undef
   944:11  warning  'i' is already defined                       no-redeclare
   959:10  warning  'simsubscreennum' is not defined             no-undef
   965:7   warning  'dataX' is assigned a value but never used   no-unused-vars
   967:7   warning  'i' is already defined                       no-redeclare
   973:3   warning  '$' is not defined                           no-undef
   975:2   warning  Mixed spaces and tabs                        no-mixed-spaces-and-tabs
   977:3   warning  Mixed spaces and tabs                        no-mixed-spaces-and-tabs
   989:3   warning  Mixed spaces and tabs                        no-mixed-spaces-and-tabs
  1077:24  warning  Mixed spaces and tabs                        no-mixed-spaces-and-tabs
  1155:3   warning  'n' is not defined                           no-undef
  1156:17  warning  'n' is not defined                           no-undef
  1167:7   warning  'simsubscreennum' is not defined             no-undef
  1171:17  warning  'simsubscreennum' is not defined             no-undef
  1180:7   warning  'simsubscreennum' is not defined             no-undef
  1214:6   warning  'simsubscreennum' is not defined             no-undef
  1218:16  warning  'simsubscreennum' is not defined             no-undef
  1227:6   warning  'simsubscreennum' is not defined             no-undef
  1251:3   warning  '$' is not defined                           no-undef
  1272:8   warning  '$' is not defined                           no-undef
  1382:10  warning  'refresh' is defined but never used          no-unused-vars

/home/runner/work/exp-liquid-plastic-limit-nitk/exp-liquid-plastic-limit-nitk/experiment/simulation/plastic/js/ej.web.all.js
  10:627614  error  Parsing error: Invalid number

/home/runner/work/exp-liquid-plastic-limit-nitk/exp-liquid-plastic-limit-nitk/experiment/simulation/plastic/js/jquerymin.js
  2:71     warning  'module' is not defined                                                    no-undef
  2:86     warning  'module' is not defined                                                    no-undef
  2:863    warning  'b' is assigned a value but never used                                     no-unused-vars
  2:3050   warning  'r' is assigned a value but never used                                     no-unused-vars
  2:5376   warning  Unexpected control character(s) in regular expression: \x1f, \x1f          no-control-regex
  2:5847   warning  Expected a conditional expression and instead saw an assignment            no-cond-assign
  2:6101   warning  Expected a conditional expression and instead saw an assignment            no-cond-assign
  2:6532   warning  Expected a conditional expression and instead saw an assignment            no-cond-assign
  2:6758   warning  Empty block statement                                                      no-empty
  2:7320   warning  Expected a conditional expression and instead saw an assignment            no-cond-assign
  2:9378   warning  Expected a conditional expression and instead saw an assignment            no-cond-assign
  2:9688   warning  Expected a conditional expression and instead saw an assignment            no-cond-assign
  2:11489  warning  Expected a conditional expression and instead saw an assignment            no-cond-assign
  2:12064  warning  Expected a conditional expression and instead saw an assignment            no-cond-assign
  2:12102  warning  Expected a conditional expression and instead saw an assignment            no-cond-assign
  2:12520  warning  Empty block statement                                                      no-empty
  2:13134  warning  Expected a conditional expression and instead saw an assignment            no-cond-assign
  2:13446  warning  Expected a conditional expression and instead saw an assignment            no-cond-assign
  2:15271  warning  Expected a conditional expression and instead saw an assignment            no-cond-assign
  2:15542  warning  Expected a conditional expression and instead saw an assignment            no-cond-assign
  2:15740  warning  Expected a conditional expression and instead saw an assignment            no-cond-assign
  2:16114  warning  Do not access Object.prototype method 'hasOwnProperty' from target object  no-prototype-builtins
  2:16815  warning  Expected a conditional expression and instead saw an assignment            no-cond-assign
  2:19155  warning  Expected a conditional expression and instead saw an assignment            no-cond-assign
  2:19255  warning  Expected a conditional expression and instead saw an assignment            no-cond-assign
  2:19315  warning  Expected a conditional expression and instead saw an assignment            no-cond-assign
  2:20674  warning  Expected a conditional expression and instead saw an assignment            no-cond-assign
  2:21288  warning  Expected a conditional expression and instead saw an assignment            no-cond-assign
  2:21399  warning  Expected a conditional expression and instead saw an assignment            no-cond-assign
  2:23719  warning  Unnecessary escape character: \/                                           no-useless-escape
  2:33344  warning  Empty block statement                                                      no-empty
  2:37050  warning  Unnecessary escape character: \/                                           no-useless-escape
  2:38265  warning  Expected a conditional expression and instead saw an assignment            no-cond-assign
  2:38405  warning  Expected a conditional expression and instead saw an assignment            no-cond-assign
  2:39039  warning  Empty block statement                                                      no-empty
  2:45778  warning  Unnecessary escape character: \/                                           no-useless-escape
  2:48087  warning  Expected a conditional expression and instead saw an assignment            no-cond-assign
  2:49647  warning  Empty block statement                                                      no-empty
  2:57298  warning  Expected a conditional expression and instead saw an assignment            no-cond-assign
  2:59847  warning  Expected a conditional expression and instead saw an assignment            no-cond-assign
  2:64132  warning  Expected a conditional expression and instead saw an assignment            no-cond-assign
  2:65877  warning  Expected a conditional expression and instead saw an assignment            no-cond-assign
  2:65943  warning  Expected a conditional expression and instead saw an assignment            no-cond-assign
  2:66247  warning  Expected a conditional expression and instead saw an assignment            no-cond-assign
  2:66313  warning  Expected a conditional expression and instead saw an assignment            no-cond-assign
  2:66720  warning  Expected a conditional expression and instead saw an assignment            no-cond-assign
  2:66997  warning  Expected a conditional expression and instead saw an assignment            no-cond-assign
  2:72432  warning  Expected a conditional expression and instead saw an assignment            no-cond-assign
  2:74924  warning  Expected a conditional expression and instead saw an assignment            no-cond-assign
  2:75645  warning  'l.href' is assigned to itself                                             no-self-assign
  2:79204  warning  Empty block statement                                                      no-empty
  2:83243  warning  Expected a conditional expression and instead saw an assignment            no-cond-assign
  2:83243  warning  'l' is assigned a value but never used                                     no-unused-vars
  2:86651  warning  'define' is not defined                                                    no-undef
  2:86663  warning  'define' is not defined                                                    no-undef

/home/runner/work/exp-liquid-plastic-limit-nitk/exp-liquid-plastic-limit-nitk/experiment/simulation/plastic/js/plastic.js
     6:5    warning  'repeat' is assigned a value but never used  no-unused-vars
    23:1    warning  '$' is not defined                           no-undef
    25:2    warning  '$' is not defined                           no-undef
    36:3    warning  Mixed spaces and tabs                        no-mixed-spaces-and-tabs
    37:3    warning  Mixed spaces and tabs                        no-mixed-spaces-and-tabs
    38:3    warning  Mixed spaces and tabs                        no-mixed-spaces-and-tabs
    39:3    warning  Mixed spaces and tabs                        no-mixed-spaces-and-tabs
    43:1    warning  Mixed spaces and tabs                        no-mixed-spaces-and-tabs
    43:3    warning  '$' is not defined                           no-undef
    47:2    warning  'el' is not defined                          no-undef
    48:2    warning  'el' is not defined                          no-undef
    49:2    warning  'el' is not defined                          no-undef
    50:2    warning  'answer' is not defined                      no-undef
    50:21   warning  'el' is not defined                          no-undef
    52:6    warning  'j' is not defined                           no-undef
    52:10   warning  'j' is not defined                           no-undef
    52:32   warning  'j' is not defined                           no-undef
    54:3    warning  'opt' is not defined                         no-undef
    54:22   warning  'j' is not defined                           no-undef
    56:3    warning  'el' is not defined                          no-undef
    57:3    warning  'el' is not defined                          no-undef
    57:20   warning  'opt' is not defined                         no-undef
    58:3    warning  'el' is not defined                          no-undef
    58:14   warning  'opt' is not defined                         no-undef
    59:3    warning  'answer' is not defined                      no-undef
    59:22   warning  'el' is not defined                          no-undef
    60:3    warning  '$' is not defined                           no-undef
    62:4    warning  'ca' is not defined                          no-undef
    62:7    warning  '$' is not defined                           no-undef
    63:26   warning  'ca' is not defined                          no-undef
    83:9    warning  'table' is assigned a value but never used   no-unused-vars
    86:4    warning  '$' is not defined                           no-undef
    88:13   warning  '$' is not defined                           no-undef
    95:10   warning  'navNext' is defined but never used          no-unused-vars
    97:6    warning  'temp' is not defined                        no-undef
    97:13   warning  'temp' is not defined                        no-undef
    97:22   warning  'temp' is not defined                        no-undef
    99:36   warning  'temp' is not defined                        no-undef
   101:2    warning  'simsubscreennum' is not defined             no-undef
   102:35   warning  'simsubscreennum' is not defined             no-undef
   117:20   warning  'myInt' is not defined                       no-undef
   123:2    warning  'myInt' is not defined                       no-undef
   132:5    warning  'simsubscreennum' is not defined             no-undef
   136:2    warning  Mixed spaces and tabs                        no-mixed-spaces-and-tabs
   137:2    warning  Mixed spaces and tabs                        no-mixed-spaces-and-tabs
   138:2    warning  Mixed spaces and tabs                        no-mixed-spaces-and-tabs
   139:2    warning  Mixed spaces and tabs                        no-mixed-spaces-and-tabs
   140:2    warning  Mixed spaces and tabs                        no-mixed-spaces-and-tabs
   141:2    warning  Mixed spaces and tabs                        no-mixed-spaces-and-tabs
   142:2    warning  Mixed spaces and tabs                        no-mixed-spaces-and-tabs
   143:2    warning  Mixed spaces and tabs                        no-mixed-spaces-and-tabs
   205:10   warning  'simsubscreennum' is not defined             no-undef
   268:10   warning  'simsubscreennum' is not defined             no-undef
   275:11   warning  'i' is already defined                       no-redeclare
   341:10   warning  'simsubscreennum' is not defined             no-undef
   344:11   warning  'i' is already defined                       no-redeclare
   451:4    warning  Mixed spaces and tabs                        no-mixed-spaces-and-tabs
   456:10   warning  'simsubscreennum' is not defined             no-undef
   524:10   warning  'simsubscreennum' is not defined             no-undef
   607:10   warning  'simsubscreennum' is not defined             no-undef
   682:10   warning  'simsubscreennum' is not defined             no-undef
   724:10   warning  'simsubscreennum' is not defined             no-undef
   769:10   warning  'simsubscreennum' is not defined             no-undef
   782:4    warning  '$' is not defined                           no-undef
   802:8    warning  '$' is not defined                           no-undef
   823:12   warning  '$' is not defined                           no-undef
   826:13   warning  '$' is not defined                           no-undef
   844:10   warning  'simsubscreennum' is not defined             no-undef
   892:10   warning  'simsubscreennum' is not defined             no-undef
   928:10   warning  'simsubscreennum' is not defined             no-undef
   931:3    warning  '$' is not defined                           no-undef
   937:10   warning  'simsubscreennum' is not defined             no-undef
   940:3    warning  '$' is not defined                           no-undef
   949:11   warning  'i' is already defined                       no-redeclare
   983:3    warning  'n' is not defined                           no-undef
   984:17   warning  'n' is not defined                           no-undef
   995:7    warning  'simsubscreennum' is not defined             no-undef
  1000:17   warning  'simsubscreennum' is not defined             no-undef
  1013:131  warning  'simsubscreennum' is not defined             no-undef
  1036:6    warning  'simsubscreennum' is not defined             no-undef
  1040:16   warning  'simsubscreennum' is not defined             no-undef
  1053:130  warning  'simsubscreennum' is not defined             no-undef
  1066:3    warning  '$' is not defined                           no-undef
  1086:8    warning  '$' is not defined                           no-undef

✖ 300 problems (2 errors, 298 warnings)

